2023-11-07 11:23:42,186 [Worker-4: Loading available Gradle versions] INFO  o.e.b.c.i.u.g.PublishedGradleVersions - Gradle version information cache is up-to-date. Trying to read.
2023-11-07 11:23:56,626 [Worker-3: Building] INFO  o.e.m.c.i.l.LifecycleMappingFactory - Using org.eclipse.m2e.jdt.JarLifecycleMapping lifecycle mapping for MavenProject: Learn:CucumberAssignments:0.0.1-SNAPSHOT @ E:\SeleniumAssignments\CucumberTutorials\CucumberAssignments\pom.xml.
2023-11-07 11:24:01,847 [Worker-3: Building] INFO  o.e.m.c.i.e.AbstractTransferListenerAdapter - Downloading https://repo.maven.apache.org/maven2/io/cucumber/messages/maven-metadata.xml
2023-11-07 11:24:01,993 [Worker-3: Building] INFO  o.e.m.c.i.e.AbstractTransferListenerAdapter - Downloaded https://repo.maven.apache.org/maven2/io/cucumber/messages/maven-metadata.xml
2023-11-07 11:24:22,369 [Worker-13: Updating Maven Dependencies] INFO  o.e.m.c.i.l.LifecycleMappingFactory - Using org.eclipse.m2e.jdt.JarLifecycleMapping lifecycle mapping for MavenProject: Learn:CucumberAssignments:0.0.1-SNAPSHOT @ E:\SeleniumAssignments\CucumberTutorials\CucumberAssignments\pom.xml.
2023-11-07 11:26:04,253 [Worker-6: Updating Maven Project] INFO  o.e.m.c.i.p.ProjectConfigurationManager - Update started
2023-11-07 11:26:05,455 [Worker-6: Updating Maven Project] INFO  o.e.m.c.i.l.LifecycleMappingFactory - Using org.eclipse.m2e.jdt.JarLifecycleMapping lifecycle mapping for MavenProject: Learn:CucumberAssignments:0.0.1-SNAPSHOT @ E:\SeleniumAssignments\CucumberTutorials\CucumberAssignments\pom.xml.
2023-11-07 11:26:09,309 [Worker-6: Updating Maven Project] INFO  o.e.m.j.i.AbstractJavaProjectConfigurator - Adding source folder /CucumberAssignments/src/main/java
2023-11-07 11:26:09,310 [Worker-6: Updating Maven Project] INFO  o.e.m.j.i.AbstractJavaProjectConfigurator - Adding resource folder /CucumberAssignments/src/main/resources
2023-11-07 11:26:09,313 [Worker-6: Updating Maven Project] INFO  o.e.m.j.i.AbstractJavaProjectConfigurator - Adding source folder /CucumberAssignments/src/test/java
2023-11-07 11:26:09,314 [Worker-6: Updating Maven Project] INFO  o.e.m.j.i.AbstractJavaProjectConfigurator - Adding resource folder /CucumberAssignments/src/test/resources
2023-11-07 11:26:10,775 [Worker-6: Updating Maven Project] INFO  o.e.m.c.i.p.ProjectConfigurationManager - Update completed for 1 poms: local refresh takes 0.00 sec, refresh facades takes 4.00 sec, update config takes 2.00 sec 
2023-11-07 11:26:10,785 [Worker-6: Updating Maven Project] INFO  o.e.m.c.i.p.ProjectConfigurationManager - Update started
2023-11-07 11:26:11,201 [Worker-6: Updating Maven Project] INFO  o.e.m.c.i.l.LifecycleMappingFactory - Using org.eclipse.m2e.jdt.JarLifecycleMapping lifecycle mapping for MavenProject: Learn:CucumberAssignments:0.0.1-SNAPSHOT @ E:\SeleniumAssignments\CucumberTutorials\CucumberAssignments\pom.xml.
2023-11-07 11:26:14,058 [Worker-6: Updating Maven Project] INFO  o.e.m.j.i.AbstractJavaProjectConfigurator - Adding source folder /CucumberAssignments/src/main/java
2023-11-07 11:26:14,059 [Worker-6: Updating Maven Project] INFO  o.e.m.j.i.AbstractJavaProjectConfigurator - Adding resource folder /CucumberAssignments/src/main/resources
2023-11-07 11:26:14,062 [Worker-6: Updating Maven Project] INFO  o.e.m.j.i.AbstractJavaProjectConfigurator - Adding source folder /CucumberAssignments/src/test/java
2023-11-07 11:26:14,062 [Worker-6: Updating Maven Project] INFO  o.e.m.j.i.AbstractJavaProjectConfigurator - Adding resource folder /CucumberAssignments/src/test/resources
2023-11-07 11:26:14,422 [Worker-6: Updating Maven Project] INFO  o.e.m.c.i.p.ProjectConfigurationManager - Update completed for 1 poms: local refresh takes 0.00 sec, refresh facades takes 3.00 sec, update config takes 0.00 sec 
2023-11-07 11:26:14,427 [Worker-7: Updating Maven Project] INFO  o.e.m.c.i.p.ProjectConfigurationManager - Update started
2023-11-07 11:26:14,935 [Worker-7: Updating Maven Project] INFO  o.e.m.c.i.l.LifecycleMappingFactory - Using org.eclipse.m2e.jdt.JarLifecycleMapping lifecycle mapping for MavenProject: Learn:CucumberAssignments:0.0.1-SNAPSHOT @ E:\SeleniumAssignments\CucumberTutorials\CucumberAssignments\pom.xml.
2023-11-07 11:26:16,294 [Worker-7: Updating Maven Project] INFO  o.e.m.j.i.AbstractJavaProjectConfigurator - Adding source folder /CucumberAssignments/src/main/java
2023-11-07 11:26:16,295 [Worker-7: Updating Maven Project] INFO  o.e.m.j.i.AbstractJavaProjectConfigurator - Adding resource folder /CucumberAssignments/src/main/resources
2023-11-07 11:26:16,296 [Worker-7: Updating Maven Project] INFO  o.e.m.j.i.AbstractJavaProjectConfigurator - Adding source folder /CucumberAssignments/src/test/java
2023-11-07 11:26:16,296 [Worker-7: Updating Maven Project] INFO  o.e.m.j.i.AbstractJavaProjectConfigurator - Adding resource folder /CucumberAssignments/src/test/resources
2023-11-07 11:26:16,709 [Worker-7: Updating Maven Project] INFO  o.e.m.c.i.p.ProjectConfigurationManager - Update completed for 1 poms: local refresh takes 0.00 sec, refresh facades takes 1.00 sec, update config takes 0.00 sec 
2023-11-07 11:26:16,715 [Worker-9: Updating Maven Project] INFO  o.e.m.c.i.p.ProjectConfigurationManager - Update started
2023-11-07 11:26:17,251 [Worker-9: Updating Maven Project] INFO  o.e.m.c.i.l.LifecycleMappingFactory - Using org.eclipse.m2e.jdt.JarLifecycleMapping lifecycle mapping for MavenProject: Learn:CucumberAssignments:0.0.1-SNAPSHOT @ E:\SeleniumAssignments\CucumberTutorials\CucumberAssignments\pom.xml.
2023-11-07 11:26:19,067 [Worker-9: Updating Maven Project] INFO  o.e.m.j.i.AbstractJavaProjectConfigurator - Adding source folder /CucumberAssignments/src/main/java
2023-11-07 11:26:19,067 [Worker-9: Updating Maven Project] INFO  o.e.m.j.i.AbstractJavaProjectConfigurator - Adding resource folder /CucumberAssignments/src/main/resources
2023-11-07 11:26:19,069 [Worker-9: Updating Maven Project] INFO  o.e.m.j.i.AbstractJavaProjectConfigurator - Adding source folder /CucumberAssignments/src/test/java
2023-11-07 11:26:19,070 [Worker-9: Updating Maven Project] INFO  o.e.m.j.i.AbstractJavaProjectConfigurator - Adding resource folder /CucumberAssignments/src/test/resources
2023-11-07 11:26:19,385 [Worker-9: Updating Maven Project] INFO  o.e.m.c.i.p.ProjectConfigurationManager - Update completed for 1 poms: local refresh takes 0.00 sec, refresh facades takes 2.00 sec, update config takes 0.00 sec 
2023-11-07 11:26:19,391 [Worker-12: Updating Maven Project] INFO  o.e.m.c.i.p.ProjectConfigurationManager - Update started
2023-11-07 11:26:19,856 [Worker-12: Updating Maven Project] INFO  o.e.m.c.i.l.LifecycleMappingFactory - Using org.eclipse.m2e.jdt.JarLifecycleMapping lifecycle mapping for MavenProject: Learn:CucumberAssignments:0.0.1-SNAPSHOT @ E:\SeleniumAssignments\CucumberTutorials\CucumberAssignments\pom.xml.
2023-11-07 11:26:21,340 [Worker-12: Updating Maven Project] INFO  o.e.m.j.i.AbstractJavaProjectConfigurator - Adding source folder /CucumberAssignments/src/main/java
2023-11-07 11:26:21,341 [Worker-12: Updating Maven Project] INFO  o.e.m.j.i.AbstractJavaProjectConfigurator - Adding resource folder /CucumberAssignments/src/main/resources
2023-11-07 11:26:21,342 [Worker-12: Updating Maven Project] INFO  o.e.m.j.i.AbstractJavaProjectConfigurator - Adding source folder /CucumberAssignments/src/test/java
2023-11-07 11:26:21,342 [Worker-12: Updating Maven Project] INFO  o.e.m.j.i.AbstractJavaProjectConfigurator - Adding resource folder /CucumberAssignments/src/test/resources
2023-11-07 11:26:21,662 [Worker-12: Updating Maven Project] INFO  o.e.m.c.i.p.ProjectConfigurationManager - Update completed for 1 poms: local refresh takes 0.00 sec, refresh facades takes 1.00 sec, update config takes 0.00 sec 
2023-11-07 11:27:18,293 [Worker-12: Building] INFO  o.a.m.s.f.DefaultMavenResourcesFiltering - skip non existing resourceDirectory E:\SeleniumAssignments\CucumberTutorials\CucumberAssignments\src\main\resources
2023-11-07 11:27:18,301 [Worker-12: Building] INFO  o.a.m.s.f.DefaultMavenResourcesFiltering - skip non existing resourceDirectory E:\SeleniumAssignments\CucumberTutorials\CucumberAssignments\src\test\resources
